<?xml version="1.0" encoding="UTF-8"?>
<!-- Generated by org.testng.reporters.JUnitXMLReporter -->
<testsuite hostname="thripura-PC" ignored="0" name="Test" tests="4" failures="0" timestamp="17 Mar 2020 02:54:23 GMT" time="0.139" errors="0">
  <testcase name="m1" time="0.021" classname="maven.demo.SampleMavenProj.TestDemo"/>
  <testcase name="test" time="0.001" classname="maven.demo.SampleMavenProj.Demo"/>
  <testcase name="m2" time="0.002" classname="maven.demo.SampleMavenProj.TestTest"/>
  <testcase name="m3" time="0.003" classname="maven.demo.SampleMavenProj.ThirdTest"/>
</testsuite> <!-- Test -->
